2024-11-27 00:03:35 [main] INFO  springweb.RestServiceApplication - Starting RestServiceApplication using Java 17.0.12 with PID 24856 (C:\rj\projects\spring\workspace\rjspringweb\target\classes started by pinky in C:\rj\projects\spring\workspace\rjspringweb)
2024-11-27 00:03:35 [main] INFO  springweb.RestServiceApplication - No active profile set, falling back to 1 default profile: "default"
2024-11-27 00:03:35 [main] INFO  o.s.d.r.c.RepositoryConfigurationDelegate - Bootstrapping Spring Data JPA repositories in DEFAULT mode.
2024-11-27 00:03:35 [main] INFO  o.s.d.r.c.RepositoryConfigurationDelegate - Finished Spring Data repository scanning in 54 ms. Found 1 JPA repository interfaces.
2024-11-27 00:03:36 [main] INFO  o.s.b.w.e.tomcat.TomcatWebServer - Tomcat initialized with port(s): 8080 (http)
2024-11-27 00:03:36 [main] INFO  o.a.catalina.core.StandardService - Starting service [Tomcat]
2024-11-27 00:03:36 [main] INFO  o.a.catalina.core.StandardEngine - Starting Servlet engine: [Apache Tomcat/10.1.1]
2024-11-27 00:03:36 [main] INFO  o.a.c.c.C.[.[.[/rjspringweb] - Initializing Spring embedded WebApplicationContext
2024-11-27 00:03:36 [main] INFO  o.s.b.w.s.c.ServletWebServerApplicationContext - Root WebApplicationContext: initialization completed in 1204 ms
2024-11-27 00:03:36 [main] INFO  com.zaxxer.hikari.HikariDataSource - HikariPool-1 - Starting...
2024-11-27 00:03:36 [main] INFO  com.zaxxer.hikari.pool.HikariPool - HikariPool-1 - Added connection conn0: url=jdbc:h2:mem:testdb user=SA
2024-11-27 00:03:36 [main] INFO  com.zaxxer.hikari.HikariDataSource - HikariPool-1 - Start completed.
2024-11-27 00:03:36 [main] INFO  o.s.b.a.h.H2ConsoleAutoConfiguration - H2 console available at '/h2-console'. Database available at 'jdbc:h2:mem:testdb'
2024-11-27 00:03:36 [main] INFO  o.h.jpa.internal.util.LogHelper - HHH000204: Processing PersistenceUnitInfo [name: default]
2024-11-27 00:03:36 [main] INFO  org.hibernate.Version - HHH000412: Hibernate ORM core version 6.1.5.Final
2024-11-27 00:03:36 [main] WARN  org.hibernate.orm.deprecation - HHH90000021: Encountered deprecated setting [javax.persistence.sharedCache.mode], use [jakarta.persistence.sharedCache.mode] instead
2024-11-27 00:03:37 [main] INFO  SQL dialect - HHH000400: Using dialect: org.hibernate.dialect.H2Dialect
2024-11-27 00:03:37 [main] INFO  o.h.e.t.j.p.i.JtaPlatformInitiator - HHH000490: Using JtaPlatform implementation: [org.hibernate.engine.transaction.jta.platform.internal.NoJtaPlatform]
2024-11-27 00:03:37 [main] INFO  o.s.o.j.LocalContainerEntityManagerFactoryBean - Initialized JPA EntityManagerFactory for persistence unit 'default'
2024-11-27 00:03:38 [main] WARN  o.s.b.a.o.j.JpaBaseConfiguration$JpaWebConfiguration - spring.jpa.open-in-view is enabled by default. Therefore, database queries may be performed during view rendering. Explicitly configure spring.jpa.open-in-view to disable this warning
2024-11-27 00:03:38 [main] INFO  o.s.b.w.e.tomcat.TomcatWebServer - Tomcat started on port(s): 8080 (http) with context path '/rjspringweb'
2024-11-27 00:03:38 [main] INFO  springweb.RestServiceApplication - Started RestServiceApplication in 3.878 seconds (process running for 4.19)
2024-11-27 00:10:21 [main] INFO  springweb.RestServiceApplication - Starting RestServiceApplication using Java 17.0.12 with PID 12132 (C:\rj\projects\spring\workspace\rjspringweb\target\classes started by pinky in C:\rj\projects\spring\workspace\rjspringweb)
2024-11-27 00:10:21 [main] INFO  springweb.RestServiceApplication - No active profile set, falling back to 1 default profile: "default"
2024-11-27 00:10:22 [main] INFO  o.s.d.r.c.RepositoryConfigurationDelegate - Bootstrapping Spring Data JPA repositories in DEFAULT mode.
2024-11-27 00:10:22 [main] INFO  o.s.d.r.c.RepositoryConfigurationDelegate - Finished Spring Data repository scanning in 47 ms. Found 1 JPA repository interfaces.
2024-11-27 00:10:22 [main] INFO  o.s.b.w.e.tomcat.TomcatWebServer - Tomcat initialized with port(s): 8080 (http)
2024-11-27 00:10:22 [main] INFO  o.a.catalina.core.StandardService - Starting service [Tomcat]
2024-11-27 00:10:22 [main] INFO  o.a.catalina.core.StandardEngine - Starting Servlet engine: [Apache Tomcat/10.1.1]
2024-11-27 00:10:22 [main] INFO  o.a.c.c.C.[.[.[/rjspringweb] - Initializing Spring embedded WebApplicationContext
2024-11-27 00:10:22 [main] INFO  o.s.b.w.s.c.ServletWebServerApplicationContext - Root WebApplicationContext: initialization completed in 1106 ms
2024-11-27 00:10:22 [main] INFO  com.zaxxer.hikari.HikariDataSource - HikariPool-1 - Starting...
2024-11-27 00:10:22 [main] INFO  com.zaxxer.hikari.pool.HikariPool - HikariPool-1 - Added connection conn0: url=jdbc:h2:mem:testdb user=SA
2024-11-27 00:10:22 [main] INFO  com.zaxxer.hikari.HikariDataSource - HikariPool-1 - Start completed.
2024-11-27 00:10:23 [main] INFO  o.s.b.a.h.H2ConsoleAutoConfiguration - H2 console available at '/h2-console'. Database available at 'jdbc:h2:mem:testdb'
2024-11-27 00:10:23 [main] INFO  o.h.jpa.internal.util.LogHelper - HHH000204: Processing PersistenceUnitInfo [name: default]
2024-11-27 00:10:23 [main] INFO  org.hibernate.Version - HHH000412: Hibernate ORM core version 6.1.5.Final
2024-11-27 00:10:23 [main] WARN  org.hibernate.orm.deprecation - HHH90000021: Encountered deprecated setting [javax.persistence.sharedCache.mode], use [jakarta.persistence.sharedCache.mode] instead
2024-11-27 00:10:23 [main] INFO  SQL dialect - HHH000400: Using dialect: org.hibernate.dialect.H2Dialect
2024-11-27 00:10:23 [main] INFO  o.h.e.t.j.p.i.JtaPlatformInitiator - HHH000490: Using JtaPlatform implementation: [org.hibernate.engine.transaction.jta.platform.internal.NoJtaPlatform]
2024-11-27 00:10:23 [main] INFO  o.s.o.j.LocalContainerEntityManagerFactoryBean - Initialized JPA EntityManagerFactory for persistence unit 'default'
2024-11-27 00:10:24 [main] WARN  o.s.b.a.o.j.JpaBaseConfiguration$JpaWebConfiguration - spring.jpa.open-in-view is enabled by default. Therefore, database queries may be performed during view rendering. Explicitly configure spring.jpa.open-in-view to disable this warning
2024-11-27 00:10:24 [main] INFO  o.s.b.w.e.tomcat.TomcatWebServer - Tomcat started on port(s): 8080 (http) with context path '/rjspringweb'
2024-11-27 00:10:24 [main] INFO  springweb.RestServiceApplication - Started RestServiceApplication in 3.535 seconds (process running for 3.821)
2024-11-27 00:10:33 [http-nio-8080-exec-1] INFO  o.a.c.c.C.[.[.[/rjspringweb] - Initializing Spring DispatcherServlet 'dispatcherServlet'
2024-11-27 00:10:33 [http-nio-8080-exec-1] INFO  o.s.web.servlet.DispatcherServlet - Initializing Servlet 'dispatcherServlet'
2024-11-27 00:10:33 [http-nio-8080-exec-1] INFO  o.s.web.servlet.DispatcherServlet - Completed initialization in 1 ms
2024-11-27 00:10:33 [http-nio-8080-exec-1] WARN  o.s.w.s.m.s.DefaultHandlerExceptionResolver - Resolved [org.springframework.http.converter.HttpMessageNotReadableException: JSON parse error: Unrecognized token 'Hello': was expecting (JSON String, Number, Array, Object or token 'null', 'true' or 'false')]
2024-11-27 00:10:34 [http-nio-8080-exec-2] WARN  o.s.w.s.m.s.DefaultHandlerExceptionResolver - Resolved [org.springframework.http.converter.HttpMessageNotReadableException: JSON parse error: Unrecognized token 'Greeting': was expecting (JSON String, Number, Array, Object or token 'null', 'true' or 'false')]
2024-11-27 00:10:34 [http-nio-8080-exec-3] DEBUG org.hibernate.SQL - 
    select
        g1_0.id,
        g1_0.content,
        g1_0.header 
    from
        greeting g1_0
2024-11-27 00:10:34 [http-nio-8080-exec-4] WARN  o.s.w.s.m.s.DefaultHandlerExceptionResolver - Resolved [org.springframework.http.converter.HttpMessageNotReadableException: JSON parse error: Unrecognized token 'Dynamic': was expecting (JSON String, Number, Array, Object or token 'null', 'true' or 'false')]
2024-11-27 00:10:35 [http-nio-8080-exec-5] DEBUG org.hibernate.SQL - 
    select
        g1_0.id,
        g1_0.content,
        g1_0.header 
    from
        greeting g1_0 
    where
        g1_0.content=?
2024-11-27 00:10:35 [http-nio-8080-exec-7] DEBUG org.hibernate.SQL - 
    select
        g1_0.id,
        g1_0.content,
        g1_0.header 
    from
        greeting g1_0 
    where
        g1_0.content=?
2024-11-27 00:10:35 [http-nio-8080-exec-8] DEBUG org.hibernate.SQL - 
    select
        g1_0.id,
        g1_0.content,
        g1_0.header 
    from
        greeting g1_0 
    where
        g1_0.content like ? escape '\'
2024-11-27 00:10:35 [http-nio-8080-exec-9] DEBUG org.hibernate.SQL - 
    select
        g1_0.id,
        g1_0.content,
        g1_0.header 
    from
        greeting g1_0 
    where
        g1_0.content like ? escape '\'
2024-11-27 00:10:35 [http-nio-8080-exec-6] WARN  o.s.w.s.m.s.DefaultHandlerExceptionResolver - Resolved [org.springframework.http.converter.HttpMessageNotReadableException: JSON parse error: Unrecognized token 'Initial': was expecting (JSON String, Number, Array, Object or token 'null', 'true' or 'false')]
2024-11-27 00:11:43 [http-nio-8080-exec-1] INFO  s.controller.GreetingWebController - request to get all greetings
2024-11-27 00:11:43 [http-nio-8080-exec-3] DEBUG org.hibernate.SQL - 
    select
        g1_0.id,
        g1_0.content,
        g1_0.header 
    from
        greeting g1_0
2024-11-27 00:11:52 [http-nio-8080-exec-5] DEBUG org.hibernate.SQL - 
    select
        g1_0.id,
        g1_0.content,
        g1_0.header 
    from
        greeting g1_0 
    where
        g1_0.id=?
2024-11-27 00:11:52 [http-nio-8080-exec-4] INFO  s.controller.GreetingWebController - greeting to be edited Greeting [id=1, content=Hello, World!, header=Welcome Header]
2024-11-27 00:12:08 [http-nio-8080-exec-8] INFO  s.controller.GreetingWebController - Greeting object: Greeting [id=0, content=hi, header=sonika]
2024-11-27 00:12:08 [http-nio-8080-exec-8] INFO  s.controller.GreetingWebController - ID: 0
2024-11-27 00:12:08 [http-nio-8080-exec-8] INFO  s.controller.GreetingWebController - Content: hi
2024-11-27 00:12:08 [http-nio-8080-exec-8] INFO  s.controller.GreetingWebController - Header: sonika
2024-11-27 00:12:08 [http-nio-8080-exec-9] DEBUG org.hibernate.SQL - 
    insert 
    into
        greeting
        (id, content, header) 
    values
        (default, ?, ?)
2024-11-27 00:12:08 [http-nio-8080-exec-9] INFO  s.controller.GreetingController - created greeting Greeting [id=4, content=hi, header=sonika]
2024-11-27 00:12:08 [http-nio-8080-exec-6] INFO  s.controller.GreetingWebController - request to get all greetings
2024-11-27 00:12:08 [http-nio-8080-exec-10] DEBUG org.hibernate.SQL - 
    select
        g1_0.id,
        g1_0.content,
        g1_0.header 
    from
        greeting g1_0
2024-11-27 00:12:11 [http-nio-8080-exec-1] DEBUG org.hibernate.SQL - 
    select
        g1_0.id,
        g1_0.content,
        g1_0.header 
    from
        greeting g1_0 
    where
        g1_0.id=?
2024-11-27 00:12:15 [http-nio-8080-exec-5] DEBUG org.hibernate.SQL - 
    select
        g1_0.id,
        g1_0.content,
        g1_0.header 
    from
        greeting g1_0 
    where
        g1_0.id=?
2024-11-27 00:12:15 [http-nio-8080-exec-5] DEBUG org.hibernate.SQL - 
    delete 
    from
        greeting 
    where
        id=?
2024-11-27 00:12:15 [http-nio-8080-exec-4] INFO  s.controller.GreetingWebController - request to get all greetings
2024-11-27 00:12:15 [http-nio-8080-exec-7] DEBUG org.hibernate.SQL - 
    select
        g1_0.id,
        g1_0.content,
        g1_0.header 
    from
        greeting g1_0
2024-11-27 00:28:15 [http-nio-8080-exec-6] DEBUG org.hibernate.SQL - 
    insert 
    into
        greeting
        (id, content, header) 
    values
        (default, ?, ?)
2024-11-27 00:28:15 [http-nio-8080-exec-6] INFO  s.controller.GreetingController - created greeting Greeting [id=5, content=Hello, RestAssured!, header=null]
2024-11-27 00:29:08 [http-nio-8080-exec-3] DEBUG org.hibernate.SQL - 
    insert 
    into
        greeting
        (id, content, header) 
    values
        (default, ?, ?)
2024-11-27 00:29:08 [http-nio-8080-exec-3] INFO  s.controller.GreetingController - created greeting Greeting [id=6, content=Hello, RestAssured!, header=null]
2024-11-27 00:29:08 [http-nio-8080-exec-5] DEBUG org.hibernate.SQL - 
    insert 
    into
        greeting
        (id, content, header) 
    values
        (default, ?, ?)
2024-11-27 00:29:08 [http-nio-8080-exec-5] INFO  s.controller.GreetingController - created greeting Greeting [id=7, content=Greeting to be deleted, header=null]
2024-11-27 00:29:08 [http-nio-8080-exec-2] DEBUG org.hibernate.SQL - 
    select
        g1_0.id,
        g1_0.content,
        g1_0.header 
    from
        greeting g1_0 
    where
        g1_0.id=?
2024-11-27 00:29:08 [http-nio-8080-exec-2] DEBUG org.hibernate.SQL - 
    delete 
    from
        greeting 
    where
        id=?
2024-11-27 00:29:08 [http-nio-8080-exec-7] DEBUG org.hibernate.SQL - 
    select
        g1_0.id,
        g1_0.content,
        g1_0.header 
    from
        greeting g1_0 
    where
        g1_0.id=?
2024-11-27 00:29:08 [http-nio-8080-exec-4] DEBUG org.hibernate.SQL - 
    select
        g1_0.id,
        g1_0.content,
        g1_0.header 
    from
        greeting g1_0
2024-11-27 00:29:08 [http-nio-8080-exec-9] DEBUG org.hibernate.SQL - 
    insert 
    into
        greeting
        (id, content, header) 
    values
        (default, ?, ?)
2024-11-27 00:29:08 [http-nio-8080-exec-9] INFO  s.controller.GreetingController - created greeting Greeting [id=8, content=Dynamic Test Greeting, header=null]
2024-11-27 00:29:08 [http-nio-8080-exec-8] DEBUG org.hibernate.SQL - 
    select
        g1_0.id,
        g1_0.content,
        g1_0.header 
    from
        greeting g1_0 
    where
        g1_0.id=?
2024-11-27 00:29:09 [http-nio-8080-exec-10] DEBUG org.hibernate.SQL - 
    select
        g1_0.id,
        g1_0.content,
        g1_0.header 
    from
        greeting g1_0 
    where
        g1_0.content=?
2024-11-27 00:29:09 [http-nio-8080-exec-6] DEBUG org.hibernate.SQL - 
    select
        g1_0.id,
        g1_0.content,
        g1_0.header 
    from
        greeting g1_0 
    where
        g1_0.content=?
2024-11-27 00:29:09 [http-nio-8080-exec-1] DEBUG org.hibernate.SQL - 
    select
        g1_0.id,
        g1_0.content,
        g1_0.header 
    from
        greeting g1_0 
    where
        g1_0.content like ? escape '\'
2024-11-27 00:29:09 [http-nio-8080-exec-3] DEBUG org.hibernate.SQL - 
    select
        g1_0.id,
        g1_0.content,
        g1_0.header 
    from
        greeting g1_0 
    where
        g1_0.content like ? escape '\'
2024-11-27 00:29:09 [http-nio-8080-exec-5] DEBUG org.hibernate.SQL - 
    insert 
    into
        greeting
        (id, content, header) 
    values
        (default, ?, ?)
2024-11-27 00:29:09 [http-nio-8080-exec-5] INFO  s.controller.GreetingController - created greeting Greeting [id=9, content=Initial Greeting Content, header=null]
2024-11-27 00:29:09 [http-nio-8080-exec-2] WARN  o.s.w.s.m.s.DefaultHandlerExceptionResolver - Resolved [org.springframework.http.converter.HttpMessageNotReadableException: JSON parse error: Unrecognized token 'Updated': was expecting (JSON String, Number, Array, Object or token 'null', 'true' or 'false')]
2024-11-27 00:30:49 [http-nio-8080-exec-9] DEBUG org.hibernate.SQL - 
    select
        g1_0.id,
        g1_0.content,
        g1_0.header 
    from
        greeting g1_0 
    where
        g1_0.content=?
2024-11-27 00:31:40 [http-nio-8080-exec-3] DEBUG org.hibernate.SQL - 
    select
        g1_0.id,
        g1_0.content,
        g1_0.header 
    from
        greeting g1_0 
    where
        g1_0.content=?
2024-11-27 00:31:50 [http-nio-8080-exec-6] DEBUG org.hibernate.SQL - 
    select
        g1_0.id,
        g1_0.content,
        g1_0.header 
    from
        greeting g1_0
2024-11-27 00:35:16 [http-nio-8080-exec-2] DEBUG org.hibernate.SQL - 
    select
        g1_0.id,
        g1_0.content,
        g1_0.header 
    from
        greeting g1_0 
    where
        g1_0.content=?
2024-11-27 00:35:46 [http-nio-8080-exec-5] DEBUG org.hibernate.SQL - 
    insert 
    into
        greeting
        (id, content, header) 
    values
        (default, ?, ?)
2024-11-27 00:35:46 [http-nio-8080-exec-5] INFO  s.controller.GreetingController - created greeting Greeting [id=10, content=Hello, RestAssured!, header=null]
2024-11-27 00:35:47 [http-nio-8080-exec-10] DEBUG org.hibernate.SQL - 
    insert 
    into
        greeting
        (id, content, header) 
    values
        (default, ?, ?)
2024-11-27 00:35:47 [http-nio-8080-exec-10] INFO  s.controller.GreetingController - created greeting Greeting [id=11, content=Greeting to be deleted, header=null]
2024-11-27 00:35:47 [http-nio-8080-exec-9] DEBUG org.hibernate.SQL - 
    select
        g1_0.id,
        g1_0.content,
        g1_0.header 
    from
        greeting g1_0 
    where
        g1_0.id=?
2024-11-27 00:35:47 [http-nio-8080-exec-9] DEBUG org.hibernate.SQL - 
    delete 
    from
        greeting 
    where
        id=?
2024-11-27 00:35:47 [http-nio-8080-exec-8] DEBUG org.hibernate.SQL - 
    select
        g1_0.id,
        g1_0.content,
        g1_0.header 
    from
        greeting g1_0 
    where
        g1_0.id=?
2024-11-27 00:35:47 [http-nio-8080-exec-3] DEBUG org.hibernate.SQL - 
    select
        g1_0.id,
        g1_0.content,
        g1_0.header 
    from
        greeting g1_0
2024-11-27 00:35:47 [http-nio-8080-exec-6] DEBUG org.hibernate.SQL - 
    insert 
    into
        greeting
        (id, content, header) 
    values
        (default, ?, ?)
2024-11-27 00:35:47 [http-nio-8080-exec-6] INFO  s.controller.GreetingController - created greeting Greeting [id=12, content=Dynamic Test Greeting, header=null]
2024-11-27 00:35:47 [http-nio-8080-exec-1] DEBUG org.hibernate.SQL - 
    select
        g1_0.id,
        g1_0.content,
        g1_0.header 
    from
        greeting g1_0 
    where
        g1_0.id=?
2024-11-27 00:35:47 [http-nio-8080-exec-4] DEBUG org.hibernate.SQL - 
    select
        g1_0.id,
        g1_0.content,
        g1_0.header 
    from
        greeting g1_0 
    where
        g1_0.content=?
